<?xml version="1.0" encoding="UTF-8"?>
<testng-results ignored="0" total="1" passed="1" failed="0" skipped="0">
  <reporter-output>
  </reporter-output>
  <suite started-at="2021-05-17T09:46:05 IST" name="Default suite" finished-at="2021-05-17T09:46:28 IST" duration-ms="22441">
    <groups>
    </groups>
    <test started-at="2021-05-17T09:46:05 IST" name="Default test" finished-at="2021-05-17T09:46:28 IST" duration-ms="22441">
      <class name="pom.Actitime">
        <test-method signature="demo()[pri:0, instance:pom.Actitime@3f56875e]" started-at="2021-05-17T09:46:06 IST" name="demo" finished-at="2021-05-17T09:46:28 IST" duration-ms="22347" status="PASS">
          <reporter-output>
          </reporter-output>
        </test-method> <!-- demo -->
      </class> <!-- pom.Actitime -->
    </test> <!-- Default test -->
  </suite> <!-- Default suite -->
</testng-results>
